debug: Fri, 27 Jan 2023 16:18:24 GMT
debug: Project: A:\code\poly\code\Polyomines
debug: Targets: editor,preview
debug: Incremental file seems great.
debug: Engine path: D:\Applications\CocosDashboard\resources\.editors\Creator\3.7.0\resources\resources\3d\engine
debug: Initializing target [Editor]
debug: Loading cache
debug: Loading cache costs 1.4079999923706055ms.
debug: Engine features shipped in editor: base,gfx-webgl,gfx-webgl2,gfx-empty,3d,animation,skeletal-animation,2d,ui,particle,particle-2d,physics-framework,physics-2d-framework,intersection-2d,primitive,profiler,occlusion-query,geometry-renderer,debug-renderer,audio,video,xr,light-probe,terrain,webview,tween,tiled-map,spine,dragon-bones,marionette,custom-pipeline,websocket,websocket-server
debug: Our import map(foo:/bar): {
  "imports": {
    "cc": "cce:/internal/x/cc"
  }
}
debug: Initializing target [Preview]
debug: Loading cache
debug: Loading cache costs 1.1579999923706055ms.
debug: Our import map(foo:/bar): {
  "imports": {
    "cc": "cce:/internal/x/cc"
  }
}
debug: Sync engine features: 2d,3d,animation,audio,base,dragon-bones,gfx-webgl,gfx-webgl2,intersection-2d,light-probe,marionette,particle,particle-2d,physics-2d-box2d,physics-ammo,primitive,profiler,skeletal-animation,spine,terrain,tiled-map,tween,ui,video,websocket,webview
debug: Reset databases. Enumerated domains: [
  {
    "root": "db://internal/",
    "physical": "D:\\Applications\\CocosDashboard\\resources\\.editors\\Creator\\3.7.0\\resources\\resources\\3d\\engine\\editor\\assets"
  },
  {
    "root": "db://assets/",
    "physical": "A:\\code\\poly\\code\\Polyomines\\assets"
  }
]
debug: Our import map(foo:/bar): {
  "imports": {
    "cc": "cce:/internal/x/cc",
    "db://internal/": "file:///D:/Applications/CocosDashboard/resources/.editors/Creator/3.7.0/resources/resources/3d/engine/editor/assets/",
    "db://assets/": "file:///A:/code/poly/code/Polyomines/assets/"
  }
}
debug: Our import map(foo:/bar): {
  "imports": {
    "cc": "cce:/internal/x/cc",
    "db://internal/": "file:///D:/Applications/CocosDashboard/resources/.editors/Creator/3.7.0/resources/resources/3d/engine/editor/assets/",
    "db://assets/": "file:///A:/code/poly/code/Polyomines/assets/"
  }
}
debug: Pulling asset-db.
debug: Fetch asset-db cost: 9.09720003604889ms.
debug: Build iteration starts.
Number of accumulated asset changes: 3
Feature changed: false
debug: Target(editor) build started.
debug: Detected change: cce:/internal/x/cc. Last mtime: Thu Jan 01 1970 08:00:16 GMT+0800 (中国标准时间), Current mtime: Thu Jan 01 1970 08:00:07 GMT+0800 (中国标准时间)
debug: Inspect cce:/internal/x/cc
debug: Resolve cce:/internal/x/cc-fu/base from cce:/internal/x/cc as external dependency cce:/internal/x/cc-fu/base.
debug: Resolve cce:/internal/x/cc-fu/gfx-webgl from cce:/internal/x/cc as external dependency cce:/internal/x/cc-fu/gfx-webgl.
debug: Resolve cce:/internal/x/cc-fu/gfx-webgl2 from cce:/internal/x/cc as external dependency cce:/internal/x/cc-fu/gfx-webgl2.
debug: Resolve cce:/internal/x/cc-fu/gfx-empty from cce:/internal/x/cc as external dependency cce:/internal/x/cc-fu/gfx-empty.
debug: Resolve cce:/internal/x/cc-fu/3d from cce:/internal/x/cc as external dependency cce:/internal/x/cc-fu/3d.
debug: Resolve cce:/internal/x/cc-fu/animation from cce:/internal/x/cc as external dependency cce:/internal/x/cc-fu/animation.
debug: Resolve cce:/internal/x/cc-fu/skeletal-animation from cce:/internal/x/cc as external dependency cce:/internal/x/cc-fu/skeletal-animation.
debug: Resolve cce:/internal/x/cc-fu/2d from cce:/internal/x/cc as external dependency cce:/internal/x/cc-fu/2d.
debug: Resolve cce:/internal/x/cc-fu/sorting from cce:/internal/x/cc as external dependency cce:/internal/x/cc-fu/sorting.
debug: Resolve cce:/internal/x/cc-fu/ui from cce:/internal/x/cc as external dependency cce:/internal/x/cc-fu/ui.
debug: Resolve cce:/internal/x/cc-fu/particle from cce:/internal/x/cc as external dependency cce:/internal/x/cc-fu/particle.
debug: Resolve cce:/internal/x/cc-fu/particle-2d from cce:/internal/x/cc as external dependency cce:/internal/x/cc-fu/particle-2d.
debug: Resolve cce:/internal/x/cc-fu/physics-framework from cce:/internal/x/cc as external dependency cce:/internal/x/cc-fu/physics-framework.
debug: Resolve cce:/internal/x/cc-fu/physics-2d-framework from cce:/internal/x/cc as external dependency cce:/internal/x/cc-fu/physics-2d-framework.
debug: Resolve cce:/internal/x/cc-fu/intersection-2d from cce:/internal/x/cc as external dependency cce:/internal/x/cc-fu/intersection-2d.
debug: Resolve cce:/internal/x/cc-fu/primitive from cce:/internal/x/cc as external dependency cce:/internal/x/cc-fu/primitive.
debug: Resolve cce:/internal/x/cc-fu/profiler from cce:/internal/x/cc as external dependency cce:/internal/x/cc-fu/profiler.
debug: Resolve cce:/internal/x/cc-fu/geometry-renderer from cce:/internal/x/cc as external dependency cce:/internal/x/cc-fu/geometry-renderer.
debug: Resolve cce:/internal/x/cc-fu/audio from cce:/internal/x/cc as external dependency cce:/internal/x/cc-fu/audio.
debug: Resolve cce:/internal/x/cc-fu/video from cce:/internal/x/cc as external dependency cce:/internal/x/cc-fu/video.
debug: Resolve cce:/internal/x/cc-fu/xr from cce:/internal/x/cc as external dependency cce:/internal/x/cc-fu/xr.
debug: Resolve cce:/internal/x/cc-fu/light-probe from cce:/internal/x/cc as external dependency cce:/internal/x/cc-fu/light-probe.
debug: Resolve cce:/internal/x/cc-fu/terrain from cce:/internal/x/cc as external dependency cce:/internal/x/cc-fu/terrain.
debug: Resolve cce:/internal/x/cc-fu/webview from cce:/internal/x/cc as external dependency cce:/internal/x/cc-fu/webview.
debug: Resolve cce:/internal/x/cc-fu/tween from cce:/internal/x/cc as external dependency cce:/internal/x/cc-fu/tween.
debug: Resolve cce:/internal/x/cc-fu/tiled-map from cce:/internal/x/cc as external dependency cce:/internal/x/cc-fu/tiled-map.
debug: Resolve cce:/internal/x/cc-fu/spine from cce:/internal/x/cc as external dependency cce:/internal/x/cc-fu/spine.
debug: Resolve cce:/internal/x/cc-fu/dragon-bones from cce:/internal/x/cc as external dependency cce:/internal/x/cc-fu/dragon-bones.
debug: Resolve cce:/internal/x/cc-fu/custom-pipeline from cce:/internal/x/cc as external dependency cce:/internal/x/cc-fu/custom-pipeline.
debug: Detected change: cce:/internal/x/prerequisite-imports. Last mtime: Thu Jan 01 1970 15:45:44 GMT+0800 (中国标准时间), Current mtime: Thu Jan 01 1970 08:00:07 GMT+0800 (中国标准时间)
debug: Inspect cce:/internal/x/prerequisite-imports
debug: Resolve file:///A:/code/poly/code/Polyomines/assets/script/Game_Board.ts from cce:/internal/x/prerequisite-imports as file:///A:/code/poly/code/Polyomines/assets/script/Game_Board.ts.
debug: Resolve cc from file:///A:/code/poly/code/Polyomines/assets/script/Game_Board.ts as cce:/internal/x/cc.
debug: Resolve cc from file:///A:/code/poly/code/Polyomines/assets/script/Game_Board.ts as cce:/internal/x/cc.
debug: Resolve cc from file:///A:/code/poly/code/Polyomines/assets/script/Game_Board.ts as cce:/internal/x/cc.
debug: Resolve file:///A:/code/poly/code/Polyomines/assets/script/Main.ts from cce:/internal/x/prerequisite-imports as file:///A:/code/poly/code/Polyomines/assets/script/Main.ts.
debug: Resolve cce:/internal/code-quality/cr.mjs from file:///A:/code/poly/code/Polyomines/assets/script/Main.ts as cce:/internal/code-quality/cr.mjs.
debug: Detected change: cce:/internal/code-quality/cr.mjs. Last mtime: Fri Jan 27 2023 16:29:22 GMT+0800 (中国标准时间), Current mtime: Sat Jan 28 2023 00:18:16 GMT+0800 (中国标准时间)
debug: Inspect cce:/internal/code-quality/cr.mjs
debug: Resolve cc from file:///A:/code/poly/code/Polyomines/assets/script/Main.ts as cce:/internal/x/cc.
debug: Resolve cc from file:///A:/code/poly/code/Polyomines/assets/script/Main.ts as cce:/internal/x/cc.
debug: Resolve cc from file:///A:/code/poly/code/Polyomines/assets/script/Main.ts as cce:/internal/x/cc.
debug: Resolve ./Game_Board from file:///A:/code/poly/code/Polyomines/assets/script/Main.ts as file:///A:/code/poly/code/Polyomines/assets/script/Game_Board.ts.
debug: Resolve file:///A:/code/poly/code/Polyomines/assets/script/Swipe_Camera.ts from cce:/internal/x/prerequisite-imports as file:///A:/code/poly/code/Polyomines/assets/script/Swipe_Camera.ts.
debug: Resolve cc from file:///A:/code/poly/code/Polyomines/assets/script/Swipe_Camera.ts as cce:/internal/x/cc.
debug: Resolve cc from file:///A:/code/poly/code/Polyomines/assets/script/Swipe_Camera.ts as cce:/internal/x/cc.
debug: Resolve cc from file:///A:/code/poly/code/Polyomines/assets/script/Swipe_Camera.ts as cce:/internal/x/cc.
debug: Target(editor) ends with cost 93.30229997634888ms.
debug: Target(preview) build started.
debug: Detected change: cce:/internal/x/cc. Last mtime: Thu Jan 01 1970 08:00:16 GMT+0800 (中国标准时间), Current mtime: Thu Jan 01 1970 08:00:07 GMT+0800 (中国标准时间)
debug: Inspect cce:/internal/x/cc
debug: Resolve cce:/internal/x/cc-fu/2d from cce:/internal/x/cc as external dependency cce:/internal/x/cc-fu/2d.
debug: Resolve cce:/internal/x/cc-fu/sorting from cce:/internal/x/cc as external dependency cce:/internal/x/cc-fu/sorting.
debug: Resolve cce:/internal/x/cc-fu/3d from cce:/internal/x/cc as external dependency cce:/internal/x/cc-fu/3d.
debug: Resolve cce:/internal/x/cc-fu/animation from cce:/internal/x/cc as external dependency cce:/internal/x/cc-fu/animation.
debug: Resolve cce:/internal/x/cc-fu/audio from cce:/internal/x/cc as external dependency cce:/internal/x/cc-fu/audio.
debug: Resolve cce:/internal/x/cc-fu/base from cce:/internal/x/cc as external dependency cce:/internal/x/cc-fu/base.
debug: Resolve cce:/internal/x/cc-fu/dragon-bones from cce:/internal/x/cc as external dependency cce:/internal/x/cc-fu/dragon-bones.
debug: Resolve cce:/internal/x/cc-fu/gfx-webgl from cce:/internal/x/cc as external dependency cce:/internal/x/cc-fu/gfx-webgl.
debug: Resolve cce:/internal/x/cc-fu/gfx-webgl2 from cce:/internal/x/cc as external dependency cce:/internal/x/cc-fu/gfx-webgl2.
debug: Resolve cce:/internal/x/cc-fu/intersection-2d from cce:/internal/x/cc as external dependency cce:/internal/x/cc-fu/intersection-2d.
debug: Resolve cce:/internal/x/cc-fu/light-probe from cce:/internal/x/cc as external dependency cce:/internal/x/cc-fu/light-probe.
debug: Resolve cce:/internal/x/cc-fu/particle from cce:/internal/x/cc as external dependency cce:/internal/x/cc-fu/particle.
debug: Resolve cce:/internal/x/cc-fu/particle-2d from cce:/internal/x/cc as external dependency cce:/internal/x/cc-fu/particle-2d.
debug: Resolve cce:/internal/x/cc-fu/physics-2d-box2d from cce:/internal/x/cc as external dependency cce:/internal/x/cc-fu/physics-2d-box2d.
debug: Resolve cce:/internal/x/cc-fu/physics-2d-framework from cce:/internal/x/cc as external dependency cce:/internal/x/cc-fu/physics-2d-framework.
debug: Resolve cce:/internal/x/cc-fu/physics-ammo from cce:/internal/x/cc as external dependency cce:/internal/x/cc-fu/physics-ammo.
debug: Resolve cce:/internal/x/cc-fu/physics-framework from cce:/internal/x/cc as external dependency cce:/internal/x/cc-fu/physics-framework.
debug: Resolve cce:/internal/x/cc-fu/wait-for-ammo-instantiation from cce:/internal/x/cc as external dependency cce:/internal/x/cc-fu/wait-for-ammo-instantiation.
debug: Resolve cce:/internal/x/cc-fu/primitive from cce:/internal/x/cc as external dependency cce:/internal/x/cc-fu/primitive.
debug: Resolve cce:/internal/x/cc-fu/profiler from cce:/internal/x/cc as external dependency cce:/internal/x/cc-fu/profiler.
debug: Resolve cce:/internal/x/cc-fu/skeletal-animation from cce:/internal/x/cc as external dependency cce:/internal/x/cc-fu/skeletal-animation.
debug: Resolve cce:/internal/x/cc-fu/spine from cce:/internal/x/cc as external dependency cce:/internal/x/cc-fu/spine.
debug: Resolve cce:/internal/x/cc-fu/terrain from cce:/internal/x/cc as external dependency cce:/internal/x/cc-fu/terrain.
debug: Resolve cce:/internal/x/cc-fu/tiled-map from cce:/internal/x/cc as external dependency cce:/internal/x/cc-fu/tiled-map.
debug: Resolve cce:/internal/x/cc-fu/tween from cce:/internal/x/cc as external dependency cce:/internal/x/cc-fu/tween.
debug: Resolve cce:/internal/x/cc-fu/ui from cce:/internal/x/cc as external dependency cce:/internal/x/cc-fu/ui.
debug: Resolve cce:/internal/x/cc-fu/video from cce:/internal/x/cc as external dependency cce:/internal/x/cc-fu/video.
debug: Resolve cce:/internal/x/cc-fu/webview from cce:/internal/x/cc as external dependency cce:/internal/x/cc-fu/webview.
debug: Detected change: cce:/internal/x/prerequisite-imports. Last mtime: Thu Jan 01 1970 15:45:44 GMT+0800 (中国标准时间), Current mtime: Thu Jan 01 1970 08:00:07 GMT+0800 (中国标准时间)
debug: Inspect cce:/internal/x/prerequisite-imports
debug: Resolve file:///A:/code/poly/code/Polyomines/assets/script/Game_Board.ts from cce:/internal/x/prerequisite-imports as file:///A:/code/poly/code/Polyomines/assets/script/Game_Board.ts.
debug: Resolve cc from file:///A:/code/poly/code/Polyomines/assets/script/Game_Board.ts as cce:/internal/x/cc.
debug: Resolve cc from file:///A:/code/poly/code/Polyomines/assets/script/Game_Board.ts as cce:/internal/x/cc.
debug: Resolve cc from file:///A:/code/poly/code/Polyomines/assets/script/Game_Board.ts as cce:/internal/x/cc.
debug: Resolve file:///A:/code/poly/code/Polyomines/assets/script/Main.ts from cce:/internal/x/prerequisite-imports as file:///A:/code/poly/code/Polyomines/assets/script/Main.ts.
debug: Resolve cce:/internal/code-quality/cr.mjs from file:///A:/code/poly/code/Polyomines/assets/script/Main.ts as cce:/internal/code-quality/cr.mjs.
debug: Detected change: cce:/internal/code-quality/cr.mjs. Last mtime: Fri Jan 27 2023 16:29:22 GMT+0800 (中国标准时间), Current mtime: Sat Jan 28 2023 00:18:16 GMT+0800 (中国标准时间)
debug: Inspect cce:/internal/code-quality/cr.mjs
debug: Resolve cc from file:///A:/code/poly/code/Polyomines/assets/script/Main.ts as cce:/internal/x/cc.
debug: Resolve cc from file:///A:/code/poly/code/Polyomines/assets/script/Main.ts as cce:/internal/x/cc.
debug: Resolve cc from file:///A:/code/poly/code/Polyomines/assets/script/Main.ts as cce:/internal/x/cc.
debug: Resolve ./Game_Board from file:///A:/code/poly/code/Polyomines/assets/script/Main.ts as file:///A:/code/poly/code/Polyomines/assets/script/Game_Board.ts.
debug: Resolve file:///A:/code/poly/code/Polyomines/assets/script/Swipe_Camera.ts from cce:/internal/x/prerequisite-imports as file:///A:/code/poly/code/Polyomines/assets/script/Swipe_Camera.ts.
debug: Resolve cc from file:///A:/code/poly/code/Polyomines/assets/script/Swipe_Camera.ts as cce:/internal/x/cc.
debug: Resolve cc from file:///A:/code/poly/code/Polyomines/assets/script/Swipe_Camera.ts as cce:/internal/x/cc.
debug: Resolve cc from file:///A:/code/poly/code/Polyomines/assets/script/Swipe_Camera.ts as cce:/internal/x/cc.
debug: Target(preview) ends with cost 112.85640001296997ms.
debug: Pulling asset-db.
debug: Fetch asset-db cost: 2801.5276000499725ms.
debug: Build iteration starts.
Number of accumulated asset changes: 3
Feature changed: false
debug: Target(editor) build started.
debug: Detected change: cce:/internal/x/prerequisite-imports. Last mtime: Thu Jan 01 1970 08:00:07 GMT+0800 (中国标准时间), Current mtime: Thu Jan 01 1970 08:00:14 GMT+0800 (中国标准时间)
debug: Inspect cce:/internal/x/prerequisite-imports
debug: Resolve file:///A:/code/poly/code/Polyomines/assets/script/Game_Board.ts from cce:/internal/x/prerequisite-imports as file:///A:/code/poly/code/Polyomines/assets/script/Game_Board.ts.
debug: Resolve file:///A:/code/poly/code/Polyomines/assets/script/Main.ts from cce:/internal/x/prerequisite-imports as file:///A:/code/poly/code/Polyomines/assets/script/Main.ts.
debug: Resolve file:///A:/code/poly/code/Polyomines/assets/script/Swipe_Camera.ts from cce:/internal/x/prerequisite-imports as file:///A:/code/poly/code/Polyomines/assets/script/Swipe_Camera.ts.
debug: Target(editor) ends with cost 63.673799991607666ms.
debug: Target(preview) build started.
debug: Detected change: cce:/internal/x/prerequisite-imports. Last mtime: Thu Jan 01 1970 08:00:07 GMT+0800 (中国标准时间), Current mtime: Thu Jan 01 1970 08:00:14 GMT+0800 (中国标准时间)
debug: Inspect cce:/internal/x/prerequisite-imports
debug: Resolve file:///A:/code/poly/code/Polyomines/assets/script/Game_Board.ts from cce:/internal/x/prerequisite-imports as file:///A:/code/poly/code/Polyomines/assets/script/Game_Board.ts.
debug: Resolve file:///A:/code/poly/code/Polyomines/assets/script/Main.ts from cce:/internal/x/prerequisite-imports as file:///A:/code/poly/code/Polyomines/assets/script/Main.ts.
debug: Resolve file:///A:/code/poly/code/Polyomines/assets/script/Swipe_Camera.ts from cce:/internal/x/prerequisite-imports as file:///A:/code/poly/code/Polyomines/assets/script/Swipe_Camera.ts.
debug: Target(preview) ends with cost 57.232499957084656ms.
debug: Dispatch build request for time accumulated 1 asset changes.
debug: Build iteration starts.
Number of accumulated asset changes: 1
Feature changed: false
debug: Target(editor) build started.
debug: Detected change: cce:/internal/x/prerequisite-imports. Last mtime: Thu Jan 01 1970 08:00:14 GMT+0800 (中国标准时间), Current mtime: Thu Jan 01 1970 08:10:10 GMT+0800 (中国标准时间)
debug: Inspect cce:/internal/x/prerequisite-imports
debug: Resolve file:///A:/code/poly/code/Polyomines/assets/script/Game_Board.ts from cce:/internal/x/prerequisite-imports as file:///A:/code/poly/code/Polyomines/assets/script/Game_Board.ts.
debug: Resolve file:///A:/code/poly/code/Polyomines/assets/script/Main.ts from cce:/internal/x/prerequisite-imports as file:///A:/code/poly/code/Polyomines/assets/script/Main.ts.
debug: Resolve file:///A:/code/poly/code/Polyomines/assets/script/Swipe_Camera.ts from cce:/internal/x/prerequisite-imports as file:///A:/code/poly/code/Polyomines/assets/script/Swipe_Camera.ts.
debug: Detected change: file:///A:/code/poly/code/Polyomines/assets/script/Swipe_Camera.ts. Last mtime: Sat Jan 28 2023 00:15:01 GMT+0800 (中国标准时间)@b3c61c25-ad27-4f31-84f6-bc54b4f21510, Current mtime: Sat Jan 28 2023 00:28:17 GMT+0800 (中国标准时间)@b3c61c25-ad27-4f31-84f6-bc54b4f21510
debug: Inspect file:///A:/code/poly/code/Polyomines/assets/script/Swipe_Camera.ts
debug: Resolve cc from file:///A:/code/poly/code/Polyomines/assets/script/Swipe_Camera.ts as cce:/internal/x/cc.
debug: Resolve cc from file:///A:/code/poly/code/Polyomines/assets/script/Swipe_Camera.ts as cce:/internal/x/cc.
debug: Resolve cc from file:///A:/code/poly/code/Polyomines/assets/script/Swipe_Camera.ts as cce:/internal/x/cc.
debug: Target(editor) ends with cost 217.71399998664856ms.
debug: Target(preview) build started.
debug: Detected change: cce:/internal/x/prerequisite-imports. Last mtime: Thu Jan 01 1970 08:00:14 GMT+0800 (中国标准时间), Current mtime: Thu Jan 01 1970 08:10:10 GMT+0800 (中国标准时间)
debug: Inspect cce:/internal/x/prerequisite-imports
debug: Resolve file:///A:/code/poly/code/Polyomines/assets/script/Game_Board.ts from cce:/internal/x/prerequisite-imports as file:///A:/code/poly/code/Polyomines/assets/script/Game_Board.ts.
debug: Resolve file:///A:/code/poly/code/Polyomines/assets/script/Main.ts from cce:/internal/x/prerequisite-imports as file:///A:/code/poly/code/Polyomines/assets/script/Main.ts.
debug: Resolve file:///A:/code/poly/code/Polyomines/assets/script/Swipe_Camera.ts from cce:/internal/x/prerequisite-imports as file:///A:/code/poly/code/Polyomines/assets/script/Swipe_Camera.ts.
debug: Detected change: file:///A:/code/poly/code/Polyomines/assets/script/Swipe_Camera.ts. Last mtime: Sat Jan 28 2023 00:15:01 GMT+0800 (中国标准时间)@b3c61c25-ad27-4f31-84f6-bc54b4f21510, Current mtime: Sat Jan 28 2023 00:28:17 GMT+0800 (中国标准时间)@b3c61c25-ad27-4f31-84f6-bc54b4f21510
debug: Inspect file:///A:/code/poly/code/Polyomines/assets/script/Swipe_Camera.ts
debug: Resolve cc from file:///A:/code/poly/code/Polyomines/assets/script/Swipe_Camera.ts as cce:/internal/x/cc.
debug: Resolve cc from file:///A:/code/poly/code/Polyomines/assets/script/Swipe_Camera.ts as cce:/internal/x/cc.
debug: Resolve cc from file:///A:/code/poly/code/Polyomines/assets/script/Swipe_Camera.ts as cce:/internal/x/cc.
debug: Target(preview) ends with cost 155.50989997386932ms.
debug: Dispatch build request for time accumulated 1 asset changes.
debug: Build iteration starts.
Number of accumulated asset changes: 1
Feature changed: false
debug: Target(editor) build started.
debug: Detected change: cce:/internal/x/prerequisite-imports. Last mtime: Thu Jan 01 1970 08:10:10 GMT+0800 (中国标准时间), Current mtime: Thu Jan 01 1970 08:18:13 GMT+0800 (中国标准时间)
debug: Inspect cce:/internal/x/prerequisite-imports
debug: Resolve file:///A:/code/poly/code/Polyomines/assets/script/Game_Board.ts from cce:/internal/x/prerequisite-imports as file:///A:/code/poly/code/Polyomines/assets/script/Game_Board.ts.
debug: Resolve file:///A:/code/poly/code/Polyomines/assets/script/Main.ts from cce:/internal/x/prerequisite-imports as file:///A:/code/poly/code/Polyomines/assets/script/Main.ts.
debug: Resolve file:///A:/code/poly/code/Polyomines/assets/script/Swipe_Camera.ts from cce:/internal/x/prerequisite-imports as file:///A:/code/poly/code/Polyomines/assets/script/Swipe_Camera.ts.
debug: Detected change: file:///A:/code/poly/code/Polyomines/assets/script/Swipe_Camera.ts. Last mtime: Sat Jan 28 2023 00:28:17 GMT+0800 (中国标准时间)@b3c61c25-ad27-4f31-84f6-bc54b4f21510, Current mtime: Sat Jan 28 2023 00:36:24 GMT+0800 (中国标准时间)@b3c61c25-ad27-4f31-84f6-bc54b4f21510
debug: Inspect file:///A:/code/poly/code/Polyomines/assets/script/Swipe_Camera.ts
debug: Resolve cc from file:///A:/code/poly/code/Polyomines/assets/script/Swipe_Camera.ts as cce:/internal/x/cc.
debug: Resolve cc from file:///A:/code/poly/code/Polyomines/assets/script/Swipe_Camera.ts as cce:/internal/x/cc.
debug: Resolve cc from file:///A:/code/poly/code/Polyomines/assets/script/Swipe_Camera.ts as cce:/internal/x/cc.
debug: Target(editor) ends with cost 72.98680007457733ms.
debug: Target(preview) build started.
debug: Detected change: cce:/internal/x/prerequisite-imports. Last mtime: Thu Jan 01 1970 08:10:10 GMT+0800 (中国标准时间), Current mtime: Thu Jan 01 1970 08:18:13 GMT+0800 (中国标准时间)
debug: Inspect cce:/internal/x/prerequisite-imports
debug: Resolve file:///A:/code/poly/code/Polyomines/assets/script/Game_Board.ts from cce:/internal/x/prerequisite-imports as file:///A:/code/poly/code/Polyomines/assets/script/Game_Board.ts.
debug: Resolve file:///A:/code/poly/code/Polyomines/assets/script/Main.ts from cce:/internal/x/prerequisite-imports as file:///A:/code/poly/code/Polyomines/assets/script/Main.ts.
debug: Resolve file:///A:/code/poly/code/Polyomines/assets/script/Swipe_Camera.ts from cce:/internal/x/prerequisite-imports as file:///A:/code/poly/code/Polyomines/assets/script/Swipe_Camera.ts.
debug: Detected change: file:///A:/code/poly/code/Polyomines/assets/script/Swipe_Camera.ts. Last mtime: Sat Jan 28 2023 00:28:17 GMT+0800 (中国标准时间)@b3c61c25-ad27-4f31-84f6-bc54b4f21510, Current mtime: Sat Jan 28 2023 00:36:24 GMT+0800 (中国标准时间)@b3c61c25-ad27-4f31-84f6-bc54b4f21510
debug: Inspect file:///A:/code/poly/code/Polyomines/assets/script/Swipe_Camera.ts
debug: Resolve cc from file:///A:/code/poly/code/Polyomines/assets/script/Swipe_Camera.ts as cce:/internal/x/cc.
debug: Resolve cc from file:///A:/code/poly/code/Polyomines/assets/script/Swipe_Camera.ts as cce:/internal/x/cc.
debug: Resolve cc from file:///A:/code/poly/code/Polyomines/assets/script/Swipe_Camera.ts as cce:/internal/x/cc.
debug: Target(preview) ends with cost 128.8012000322342ms.
debug: Dispatch build request for time accumulated 1 asset changes.
debug: Build iteration starts.
Number of accumulated asset changes: 1
Feature changed: false
debug: Target(editor) build started.
debug: Detected change: cce:/internal/x/prerequisite-imports. Last mtime: Thu Jan 01 1970 08:18:13 GMT+0800 (中国标准时间), Current mtime: Thu Jan 01 1970 08:33:25 GMT+0800 (中国标准时间)
debug: Inspect cce:/internal/x/prerequisite-imports
debug: Resolve file:///A:/code/poly/code/Polyomines/assets/script/Game_Board.ts from cce:/internal/x/prerequisite-imports as file:///A:/code/poly/code/Polyomines/assets/script/Game_Board.ts.
debug: Resolve file:///A:/code/poly/code/Polyomines/assets/script/Main.ts from cce:/internal/x/prerequisite-imports as file:///A:/code/poly/code/Polyomines/assets/script/Main.ts.
debug: Resolve file:///A:/code/poly/code/Polyomines/assets/script/Swipe_Camera.ts from cce:/internal/x/prerequisite-imports as file:///A:/code/poly/code/Polyomines/assets/script/Swipe_Camera.ts.
debug: Detected change: file:///A:/code/poly/code/Polyomines/assets/script/Swipe_Camera.ts. Last mtime: Sat Jan 28 2023 00:36:24 GMT+0800 (中国标准时间)@b3c61c25-ad27-4f31-84f6-bc54b4f21510, Current mtime: Sat Jan 28 2023 00:51:30 GMT+0800 (中国标准时间)@b3c61c25-ad27-4f31-84f6-bc54b4f21510
debug: Inspect file:///A:/code/poly/code/Polyomines/assets/script/Swipe_Camera.ts
debug: Resolve cc from file:///A:/code/poly/code/Polyomines/assets/script/Swipe_Camera.ts as cce:/internal/x/cc.
debug: Resolve cc from file:///A:/code/poly/code/Polyomines/assets/script/Swipe_Camera.ts as cce:/internal/x/cc.
debug: Resolve cc from file:///A:/code/poly/code/Polyomines/assets/script/Swipe_Camera.ts as cce:/internal/x/cc.
debug: Target(editor) ends with cost 72.52839994430542ms.
debug: Target(preview) build started.
debug: Detected change: cce:/internal/x/prerequisite-imports. Last mtime: Thu Jan 01 1970 08:18:13 GMT+0800 (中国标准时间), Current mtime: Thu Jan 01 1970 08:33:25 GMT+0800 (中国标准时间)
debug: Inspect cce:/internal/x/prerequisite-imports
debug: Resolve file:///A:/code/poly/code/Polyomines/assets/script/Game_Board.ts from cce:/internal/x/prerequisite-imports as file:///A:/code/poly/code/Polyomines/assets/script/Game_Board.ts.
debug: Resolve file:///A:/code/poly/code/Polyomines/assets/script/Main.ts from cce:/internal/x/prerequisite-imports as file:///A:/code/poly/code/Polyomines/assets/script/Main.ts.
debug: Resolve file:///A:/code/poly/code/Polyomines/assets/script/Swipe_Camera.ts from cce:/internal/x/prerequisite-imports as file:///A:/code/poly/code/Polyomines/assets/script/Swipe_Camera.ts.
debug: Detected change: file:///A:/code/poly/code/Polyomines/assets/script/Swipe_Camera.ts. Last mtime: Sat Jan 28 2023 00:36:24 GMT+0800 (中国标准时间)@b3c61c25-ad27-4f31-84f6-bc54b4f21510, Current mtime: Sat Jan 28 2023 00:51:30 GMT+0800 (中国标准时间)@b3c61c25-ad27-4f31-84f6-bc54b4f21510
debug: Inspect file:///A:/code/poly/code/Polyomines/assets/script/Swipe_Camera.ts
debug: Resolve cc from file:///A:/code/poly/code/Polyomines/assets/script/Swipe_Camera.ts as cce:/internal/x/cc.
debug: Resolve cc from file:///A:/code/poly/code/Polyomines/assets/script/Swipe_Camera.ts as cce:/internal/x/cc.
debug: Resolve cc from file:///A:/code/poly/code/Polyomines/assets/script/Swipe_Camera.ts as cce:/internal/x/cc.
debug: Target(preview) ends with cost 92.53069996833801ms.
debug: Dispatch build request for time accumulated 1 asset changes.
debug: Build iteration starts.
Number of accumulated asset changes: 1
Feature changed: false
debug: Target(editor) build started.
debug: Detected change: cce:/internal/x/prerequisite-imports. Last mtime: Thu Jan 01 1970 08:33:25 GMT+0800 (中国标准时间), Current mtime: Thu Jan 01 1970 08:50:03 GMT+0800 (中国标准时间)
debug: Inspect cce:/internal/x/prerequisite-imports
debug: Resolve file:///A:/code/poly/code/Polyomines/assets/script/Game_Board.ts from cce:/internal/x/prerequisite-imports as file:///A:/code/poly/code/Polyomines/assets/script/Game_Board.ts.
debug: Resolve file:///A:/code/poly/code/Polyomines/assets/script/Main.ts from cce:/internal/x/prerequisite-imports as file:///A:/code/poly/code/Polyomines/assets/script/Main.ts.
debug: Resolve file:///A:/code/poly/code/Polyomines/assets/script/Swipe_Camera.ts from cce:/internal/x/prerequisite-imports as file:///A:/code/poly/code/Polyomines/assets/script/Swipe_Camera.ts.
debug: Detected change: file:///A:/code/poly/code/Polyomines/assets/script/Swipe_Camera.ts. Last mtime: Sat Jan 28 2023 00:51:30 GMT+0800 (中国标准时间)@b3c61c25-ad27-4f31-84f6-bc54b4f21510, Current mtime: Sat Jan 28 2023 01:08:14 GMT+0800 (中国标准时间)@b3c61c25-ad27-4f31-84f6-bc54b4f21510
debug: Inspect file:///A:/code/poly/code/Polyomines/assets/script/Swipe_Camera.ts
debug: Resolve cc from file:///A:/code/poly/code/Polyomines/assets/script/Swipe_Camera.ts as cce:/internal/x/cc.
debug: Resolve cc from file:///A:/code/poly/code/Polyomines/assets/script/Swipe_Camera.ts as cce:/internal/x/cc.
debug: Resolve cc from file:///A:/code/poly/code/Polyomines/assets/script/Swipe_Camera.ts as cce:/internal/x/cc.
debug: Target(editor) ends with cost 83.34939992427826ms.
debug: Target(preview) build started.
debug: Detected change: cce:/internal/x/prerequisite-imports. Last mtime: Thu Jan 01 1970 08:33:25 GMT+0800 (中国标准时间), Current mtime: Thu Jan 01 1970 08:50:04 GMT+0800 (中国标准时间)
debug: Inspect cce:/internal/x/prerequisite-imports
debug: Resolve file:///A:/code/poly/code/Polyomines/assets/script/Game_Board.ts from cce:/internal/x/prerequisite-imports as file:///A:/code/poly/code/Polyomines/assets/script/Game_Board.ts.
debug: Resolve file:///A:/code/poly/code/Polyomines/assets/script/Main.ts from cce:/internal/x/prerequisite-imports as file:///A:/code/poly/code/Polyomines/assets/script/Main.ts.
debug: Resolve file:///A:/code/poly/code/Polyomines/assets/script/Swipe_Camera.ts from cce:/internal/x/prerequisite-imports as file:///A:/code/poly/code/Polyomines/assets/script/Swipe_Camera.ts.
debug: Detected change: file:///A:/code/poly/code/Polyomines/assets/script/Swipe_Camera.ts. Last mtime: Sat Jan 28 2023 00:51:30 GMT+0800 (中国标准时间)@b3c61c25-ad27-4f31-84f6-bc54b4f21510, Current mtime: Sat Jan 28 2023 01:08:14 GMT+0800 (中国标准时间)@b3c61c25-ad27-4f31-84f6-bc54b4f21510
debug: Inspect file:///A:/code/poly/code/Polyomines/assets/script/Swipe_Camera.ts
debug: Resolve cc from file:///A:/code/poly/code/Polyomines/assets/script/Swipe_Camera.ts as cce:/internal/x/cc.
debug: Resolve cc from file:///A:/code/poly/code/Polyomines/assets/script/Swipe_Camera.ts as cce:/internal/x/cc.
debug: Resolve cc from file:///A:/code/poly/code/Polyomines/assets/script/Swipe_Camera.ts as cce:/internal/x/cc.
debug: Target(preview) ends with cost 105.15549993515015ms.
debug: Dispatch build request for time accumulated 1 asset changes.
debug: Build iteration starts.
Number of accumulated asset changes: 1
Feature changed: false
debug: Target(editor) build started.
debug: Detected change: cce:/internal/x/prerequisite-imports. Last mtime: Thu Jan 01 1970 08:50:03 GMT+0800 (中国标准时间), Current mtime: Thu Jan 01 1970 08:52:43 GMT+0800 (中国标准时间)
debug: Inspect cce:/internal/x/prerequisite-imports
debug: Resolve file:///A:/code/poly/code/Polyomines/assets/script/Game_Board.ts from cce:/internal/x/prerequisite-imports as file:///A:/code/poly/code/Polyomines/assets/script/Game_Board.ts.
debug: Resolve file:///A:/code/poly/code/Polyomines/assets/script/Main.ts from cce:/internal/x/prerequisite-imports as file:///A:/code/poly/code/Polyomines/assets/script/Main.ts.
debug: Resolve file:///A:/code/poly/code/Polyomines/assets/script/Swipe_Camera.ts from cce:/internal/x/prerequisite-imports as file:///A:/code/poly/code/Polyomines/assets/script/Swipe_Camera.ts.
debug: Detected change: file:///A:/code/poly/code/Polyomines/assets/script/Swipe_Camera.ts. Last mtime: Sat Jan 28 2023 01:08:14 GMT+0800 (中国标准时间)@b3c61c25-ad27-4f31-84f6-bc54b4f21510, Current mtime: Sat Jan 28 2023 01:10:54 GMT+0800 (中国标准时间)@b3c61c25-ad27-4f31-84f6-bc54b4f21510
debug: Inspect file:///A:/code/poly/code/Polyomines/assets/script/Swipe_Camera.ts
debug: Resolve cc from file:///A:/code/poly/code/Polyomines/assets/script/Swipe_Camera.ts as cce:/internal/x/cc.
debug: Resolve cc from file:///A:/code/poly/code/Polyomines/assets/script/Swipe_Camera.ts as cce:/internal/x/cc.
debug: Resolve cc from file:///A:/code/poly/code/Polyomines/assets/script/Swipe_Camera.ts as cce:/internal/x/cc.
debug: Target(editor) ends with cost 95.00129997730255ms.
debug: Target(preview) build started.
debug: Detected change: cce:/internal/x/prerequisite-imports. Last mtime: Thu Jan 01 1970 08:50:04 GMT+0800 (中国标准时间), Current mtime: Thu Jan 01 1970 08:52:43 GMT+0800 (中国标准时间)
debug: Inspect cce:/internal/x/prerequisite-imports
debug: Resolve file:///A:/code/poly/code/Polyomines/assets/script/Game_Board.ts from cce:/internal/x/prerequisite-imports as file:///A:/code/poly/code/Polyomines/assets/script/Game_Board.ts.
debug: Resolve file:///A:/code/poly/code/Polyomines/assets/script/Main.ts from cce:/internal/x/prerequisite-imports as file:///A:/code/poly/code/Polyomines/assets/script/Main.ts.
debug: Resolve file:///A:/code/poly/code/Polyomines/assets/script/Swipe_Camera.ts from cce:/internal/x/prerequisite-imports as file:///A:/code/poly/code/Polyomines/assets/script/Swipe_Camera.ts.
debug: Detected change: file:///A:/code/poly/code/Polyomines/assets/script/Swipe_Camera.ts. Last mtime: Sat Jan 28 2023 01:08:14 GMT+0800 (中国标准时间)@b3c61c25-ad27-4f31-84f6-bc54b4f21510, Current mtime: Sat Jan 28 2023 01:10:54 GMT+0800 (中国标准时间)@b3c61c25-ad27-4f31-84f6-bc54b4f21510
debug: Inspect file:///A:/code/poly/code/Polyomines/assets/script/Swipe_Camera.ts
debug: Resolve cc from file:///A:/code/poly/code/Polyomines/assets/script/Swipe_Camera.ts as cce:/internal/x/cc.
debug: Resolve cc from file:///A:/code/poly/code/Polyomines/assets/script/Swipe_Camera.ts as cce:/internal/x/cc.
debug: Resolve cc from file:///A:/code/poly/code/Polyomines/assets/script/Swipe_Camera.ts as cce:/internal/x/cc.
debug: Target(preview) ends with cost 232.73169994354248ms.
debug: Dispatch build request for time accumulated 1 asset changes.
debug: Build iteration starts.
Number of accumulated asset changes: 1
Feature changed: false
debug: Target(editor) build started.
debug: Detected change: cce:/internal/x/prerequisite-imports. Last mtime: Thu Jan 01 1970 08:52:43 GMT+0800 (中国标准时间), Current mtime: Thu Jan 01 1970 08:53:07 GMT+0800 (中国标准时间)
debug: Inspect cce:/internal/x/prerequisite-imports
debug: Resolve file:///A:/code/poly/code/Polyomines/assets/script/Game_Board.ts from cce:/internal/x/prerequisite-imports as file:///A:/code/poly/code/Polyomines/assets/script/Game_Board.ts.
debug: Resolve file:///A:/code/poly/code/Polyomines/assets/script/Main.ts from cce:/internal/x/prerequisite-imports as file:///A:/code/poly/code/Polyomines/assets/script/Main.ts.
debug: Resolve file:///A:/code/poly/code/Polyomines/assets/script/Swipe_Camera.ts from cce:/internal/x/prerequisite-imports as file:///A:/code/poly/code/Polyomines/assets/script/Swipe_Camera.ts.
debug: Detected change: file:///A:/code/poly/code/Polyomines/assets/script/Swipe_Camera.ts. Last mtime: Sat Jan 28 2023 01:10:54 GMT+0800 (中国标准时间)@b3c61c25-ad27-4f31-84f6-bc54b4f21510, Current mtime: Sat Jan 28 2023 01:11:21 GMT+0800 (中国标准时间)@b3c61c25-ad27-4f31-84f6-bc54b4f21510
debug: Inspect file:///A:/code/poly/code/Polyomines/assets/script/Swipe_Camera.ts
debug: Resolve cc from file:///A:/code/poly/code/Polyomines/assets/script/Swipe_Camera.ts as cce:/internal/x/cc.
debug: Resolve cc from file:///A:/code/poly/code/Polyomines/assets/script/Swipe_Camera.ts as cce:/internal/x/cc.
debug: Resolve cc from file:///A:/code/poly/code/Polyomines/assets/script/Swipe_Camera.ts as cce:/internal/x/cc.
debug: Target(editor) ends with cost 112.42309999465942ms.
debug: Target(preview) build started.
debug: Detected change: cce:/internal/x/prerequisite-imports. Last mtime: Thu Jan 01 1970 08:52:43 GMT+0800 (中国标准时间), Current mtime: Thu Jan 01 1970 08:53:07 GMT+0800 (中国标准时间)
debug: Inspect cce:/internal/x/prerequisite-imports
debug: Resolve file:///A:/code/poly/code/Polyomines/assets/script/Game_Board.ts from cce:/internal/x/prerequisite-imports as file:///A:/code/poly/code/Polyomines/assets/script/Game_Board.ts.
debug: Resolve file:///A:/code/poly/code/Polyomines/assets/script/Main.ts from cce:/internal/x/prerequisite-imports as file:///A:/code/poly/code/Polyomines/assets/script/Main.ts.
debug: Resolve file:///A:/code/poly/code/Polyomines/assets/script/Swipe_Camera.ts from cce:/internal/x/prerequisite-imports as file:///A:/code/poly/code/Polyomines/assets/script/Swipe_Camera.ts.
debug: Detected change: file:///A:/code/poly/code/Polyomines/assets/script/Swipe_Camera.ts. Last mtime: Sat Jan 28 2023 01:10:54 GMT+0800 (中国标准时间)@b3c61c25-ad27-4f31-84f6-bc54b4f21510, Current mtime: Sat Jan 28 2023 01:11:21 GMT+0800 (中国标准时间)@b3c61c25-ad27-4f31-84f6-bc54b4f21510
debug: Inspect file:///A:/code/poly/code/Polyomines/assets/script/Swipe_Camera.ts
debug: Resolve cc from file:///A:/code/poly/code/Polyomines/assets/script/Swipe_Camera.ts as cce:/internal/x/cc.
debug: Resolve cc from file:///A:/code/poly/code/Polyomines/assets/script/Swipe_Camera.ts as cce:/internal/x/cc.
debug: Resolve cc from file:///A:/code/poly/code/Polyomines/assets/script/Swipe_Camera.ts as cce:/internal/x/cc.
debug: Target(preview) ends with cost 127.71420001983643ms.
debug: Dispatch build request for time accumulated 1 asset changes.
debug: Build iteration starts.
Number of accumulated asset changes: 1
Feature changed: false
debug: Target(editor) build started.
debug: Detected change: cce:/internal/x/prerequisite-imports. Last mtime: Thu Jan 01 1970 08:53:07 GMT+0800 (中国标准时间), Current mtime: Thu Jan 01 1970 08:54:23 GMT+0800 (中国标准时间)
debug: Inspect cce:/internal/x/prerequisite-imports
debug: Resolve file:///A:/code/poly/code/Polyomines/assets/script/Game_Board.ts from cce:/internal/x/prerequisite-imports as file:///A:/code/poly/code/Polyomines/assets/script/Game_Board.ts.
debug: Resolve file:///A:/code/poly/code/Polyomines/assets/script/Main.ts from cce:/internal/x/prerequisite-imports as file:///A:/code/poly/code/Polyomines/assets/script/Main.ts.
debug: Resolve file:///A:/code/poly/code/Polyomines/assets/script/Swipe_Camera.ts from cce:/internal/x/prerequisite-imports as file:///A:/code/poly/code/Polyomines/assets/script/Swipe_Camera.ts.
debug: Detected change: file:///A:/code/poly/code/Polyomines/assets/script/Swipe_Camera.ts. Last mtime: Sat Jan 28 2023 01:11:21 GMT+0800 (中国标准时间)@b3c61c25-ad27-4f31-84f6-bc54b4f21510, Current mtime: Sat Jan 28 2023 01:12:37 GMT+0800 (中国标准时间)@b3c61c25-ad27-4f31-84f6-bc54b4f21510
debug: Inspect file:///A:/code/poly/code/Polyomines/assets/script/Swipe_Camera.ts
debug: Resolve cc from file:///A:/code/poly/code/Polyomines/assets/script/Swipe_Camera.ts as cce:/internal/x/cc.
debug: Resolve cc from file:///A:/code/poly/code/Polyomines/assets/script/Swipe_Camera.ts as cce:/internal/x/cc.
debug: Resolve cc from file:///A:/code/poly/code/Polyomines/assets/script/Swipe_Camera.ts as cce:/internal/x/cc.
debug: Target(editor) ends with cost 94.04729998111725ms.
debug: Target(preview) build started.
debug: Detected change: cce:/internal/x/prerequisite-imports. Last mtime: Thu Jan 01 1970 08:53:07 GMT+0800 (中国标准时间), Current mtime: Thu Jan 01 1970 08:54:23 GMT+0800 (中国标准时间)
debug: Inspect cce:/internal/x/prerequisite-imports
debug: Resolve file:///A:/code/poly/code/Polyomines/assets/script/Game_Board.ts from cce:/internal/x/prerequisite-imports as file:///A:/code/poly/code/Polyomines/assets/script/Game_Board.ts.
debug: Resolve file:///A:/code/poly/code/Polyomines/assets/script/Main.ts from cce:/internal/x/prerequisite-imports as file:///A:/code/poly/code/Polyomines/assets/script/Main.ts.
debug: Resolve file:///A:/code/poly/code/Polyomines/assets/script/Swipe_Camera.ts from cce:/internal/x/prerequisite-imports as file:///A:/code/poly/code/Polyomines/assets/script/Swipe_Camera.ts.
debug: Detected change: file:///A:/code/poly/code/Polyomines/assets/script/Swipe_Camera.ts. Last mtime: Sat Jan 28 2023 01:11:21 GMT+0800 (中国标准时间)@b3c61c25-ad27-4f31-84f6-bc54b4f21510, Current mtime: Sat Jan 28 2023 01:12:37 GMT+0800 (中国标准时间)@b3c61c25-ad27-4f31-84f6-bc54b4f21510
debug: Inspect file:///A:/code/poly/code/Polyomines/assets/script/Swipe_Camera.ts
debug: Resolve cc from file:///A:/code/poly/code/Polyomines/assets/script/Swipe_Camera.ts as cce:/internal/x/cc.
debug: Resolve cc from file:///A:/code/poly/code/Polyomines/assets/script/Swipe_Camera.ts as cce:/internal/x/cc.
debug: Resolve cc from file:///A:/code/poly/code/Polyomines/assets/script/Swipe_Camera.ts as cce:/internal/x/cc.
debug: Target(preview) ends with cost 128.20389997959137ms.
debug: Dispatch build request for time accumulated 2 asset changes.
debug: Build iteration starts.
Number of accumulated asset changes: 2
Feature changed: false
debug: Target(editor) build started.
debug: Detected change: cce:/internal/x/prerequisite-imports. Last mtime: Thu Jan 01 1970 08:54:23 GMT+0800 (中国标准时间), Current mtime: Thu Jan 01 1970 09:02:11 GMT+0800 (中国标准时间)
debug: Inspect cce:/internal/x/prerequisite-imports
debug: Resolve file:///A:/code/poly/code/Polyomines/assets/script/Game_Board.ts from cce:/internal/x/prerequisite-imports as file:///A:/code/poly/code/Polyomines/assets/script/Game_Board.ts.
debug: Resolve file:///A:/code/poly/code/Polyomines/assets/script/Main.ts from cce:/internal/x/prerequisite-imports as file:///A:/code/poly/code/Polyomines/assets/script/Main.ts.
debug: Detected change: file:///A:/code/poly/code/Polyomines/assets/script/Main.ts. Last mtime: Sat Jan 28 2023 00:05:58 GMT+0800 (中国标准时间)@8eeb1249-7df9-40c4-8a62-80506a32e048, Current mtime: Sat Jan 28 2023 01:20:24 GMT+0800 (中国标准时间)@8eeb1249-7df9-40c4-8a62-80506a32e048
debug: Inspect file:///A:/code/poly/code/Polyomines/assets/script/Main.ts
debug: Resolve cce:/internal/code-quality/cr.mjs from file:///A:/code/poly/code/Polyomines/assets/script/Main.ts as cce:/internal/code-quality/cr.mjs.
debug: Resolve cc from file:///A:/code/poly/code/Polyomines/assets/script/Main.ts as cce:/internal/x/cc.
debug: Resolve cc from file:///A:/code/poly/code/Polyomines/assets/script/Main.ts as cce:/internal/x/cc.
debug: Resolve cc from file:///A:/code/poly/code/Polyomines/assets/script/Main.ts as cce:/internal/x/cc.
debug: Resolve ./Game_Board from file:///A:/code/poly/code/Polyomines/assets/script/Main.ts as file:///A:/code/poly/code/Polyomines/assets/script/Game_Board.ts.
debug: Resolve file:///A:/code/poly/code/Polyomines/assets/script/Swipe_Camera.ts from cce:/internal/x/prerequisite-imports as file:///A:/code/poly/code/Polyomines/assets/script/Swipe_Camera.ts.
debug: Detected change: file:///A:/code/poly/code/Polyomines/assets/script/Swipe_Camera.ts. Last mtime: Sat Jan 28 2023 01:12:37 GMT+0800 (中国标准时间)@b3c61c25-ad27-4f31-84f6-bc54b4f21510, Current mtime: Sat Jan 28 2023 01:19:03 GMT+0800 (中国标准时间)@b3c61c25-ad27-4f31-84f6-bc54b4f21510
debug: Inspect file:///A:/code/poly/code/Polyomines/assets/script/Swipe_Camera.ts
debug: Resolve cc from file:///A:/code/poly/code/Polyomines/assets/script/Swipe_Camera.ts as cce:/internal/x/cc.
debug: Resolve cc from file:///A:/code/poly/code/Polyomines/assets/script/Swipe_Camera.ts as cce:/internal/x/cc.
debug: Resolve cc from file:///A:/code/poly/code/Polyomines/assets/script/Swipe_Camera.ts as cce:/internal/x/cc.
debug: Target(editor) ends with cost 122.0780999660492ms.
debug: Target(preview) build started.
debug: Detected change: cce:/internal/x/prerequisite-imports. Last mtime: Thu Jan 01 1970 08:54:23 GMT+0800 (中国标准时间), Current mtime: Thu Jan 01 1970 09:02:11 GMT+0800 (中国标准时间)
debug: Inspect cce:/internal/x/prerequisite-imports
debug: Resolve file:///A:/code/poly/code/Polyomines/assets/script/Game_Board.ts from cce:/internal/x/prerequisite-imports as file:///A:/code/poly/code/Polyomines/assets/script/Game_Board.ts.
debug: Resolve file:///A:/code/poly/code/Polyomines/assets/script/Main.ts from cce:/internal/x/prerequisite-imports as file:///A:/code/poly/code/Polyomines/assets/script/Main.ts.
debug: Detected change: file:///A:/code/poly/code/Polyomines/assets/script/Main.ts. Last mtime: Sat Jan 28 2023 00:05:58 GMT+0800 (中国标准时间)@8eeb1249-7df9-40c4-8a62-80506a32e048, Current mtime: Sat Jan 28 2023 01:20:24 GMT+0800 (中国标准时间)@8eeb1249-7df9-40c4-8a62-80506a32e048
debug: Inspect file:///A:/code/poly/code/Polyomines/assets/script/Main.ts
debug: Resolve cce:/internal/code-quality/cr.mjs from file:///A:/code/poly/code/Polyomines/assets/script/Main.ts as cce:/internal/code-quality/cr.mjs.
debug: Resolve cc from file:///A:/code/poly/code/Polyomines/assets/script/Main.ts as cce:/internal/x/cc.
debug: Resolve cc from file:///A:/code/poly/code/Polyomines/assets/script/Main.ts as cce:/internal/x/cc.
debug: Resolve cc from file:///A:/code/poly/code/Polyomines/assets/script/Main.ts as cce:/internal/x/cc.
debug: Resolve ./Game_Board from file:///A:/code/poly/code/Polyomines/assets/script/Main.ts as file:///A:/code/poly/code/Polyomines/assets/script/Game_Board.ts.
debug: Resolve file:///A:/code/poly/code/Polyomines/assets/script/Swipe_Camera.ts from cce:/internal/x/prerequisite-imports as file:///A:/code/poly/code/Polyomines/assets/script/Swipe_Camera.ts.
debug: Detected change: file:///A:/code/poly/code/Polyomines/assets/script/Swipe_Camera.ts. Last mtime: Sat Jan 28 2023 01:12:37 GMT+0800 (中国标准时间)@b3c61c25-ad27-4f31-84f6-bc54b4f21510, Current mtime: Sat Jan 28 2023 01:19:03 GMT+0800 (中国标准时间)@b3c61c25-ad27-4f31-84f6-bc54b4f21510
debug: Inspect file:///A:/code/poly/code/Polyomines/assets/script/Swipe_Camera.ts
debug: Resolve cc from file:///A:/code/poly/code/Polyomines/assets/script/Swipe_Camera.ts as cce:/internal/x/cc.
debug: Resolve cc from file:///A:/code/poly/code/Polyomines/assets/script/Swipe_Camera.ts as cce:/internal/x/cc.
debug: Resolve cc from file:///A:/code/poly/code/Polyomines/assets/script/Swipe_Camera.ts as cce:/internal/x/cc.
debug: Target(preview) ends with cost 149.32099997997284ms.
debug: Dispatch build request for time accumulated 1 asset changes.
debug: Build iteration starts.
Number of accumulated asset changes: 1
Feature changed: false
debug: Target(editor) build started.
debug: Detected change: cce:/internal/x/prerequisite-imports. Last mtime: Thu Jan 01 1970 09:02:11 GMT+0800 (中国标准时间), Current mtime: Thu Jan 01 1970 09:02:38 GMT+0800 (中国标准时间)
debug: Inspect cce:/internal/x/prerequisite-imports
debug: Resolve file:///A:/code/poly/code/Polyomines/assets/script/Entity_Manager.ts from cce:/internal/x/prerequisite-imports as file:///A:/code/poly/code/Polyomines/assets/script/Entity_Manager.ts.
debug: Inspect file:///A:/code/poly/code/Polyomines/assets/script/Entity_Manager.ts
debug: Resolve cc from file:///A:/code/poly/code/Polyomines/assets/script/Entity_Manager.ts as cce:/internal/x/cc.
debug: Resolve cc from file:///A:/code/poly/code/Polyomines/assets/script/Entity_Manager.ts as cce:/internal/x/cc.
debug: Resolve cc from file:///A:/code/poly/code/Polyomines/assets/script/Entity_Manager.ts as cce:/internal/x/cc.
debug: Resolve file:///A:/code/poly/code/Polyomines/assets/script/Game_Board.ts from cce:/internal/x/prerequisite-imports as file:///A:/code/poly/code/Polyomines/assets/script/Game_Board.ts.
debug: Resolve file:///A:/code/poly/code/Polyomines/assets/script/Main.ts from cce:/internal/x/prerequisite-imports as file:///A:/code/poly/code/Polyomines/assets/script/Main.ts.
debug: Resolve file:///A:/code/poly/code/Polyomines/assets/script/Swipe_Camera.ts from cce:/internal/x/prerequisite-imports as file:///A:/code/poly/code/Polyomines/assets/script/Swipe_Camera.ts.
debug: Target(editor) ends with cost 36.26139998435974ms.
debug: Target(preview) build started.
debug: Detected change: cce:/internal/x/prerequisite-imports. Last mtime: Thu Jan 01 1970 09:02:11 GMT+0800 (中国标准时间), Current mtime: Thu Jan 01 1970 09:02:38 GMT+0800 (中国标准时间)
debug: Inspect cce:/internal/x/prerequisite-imports
debug: Resolve file:///A:/code/poly/code/Polyomines/assets/script/Entity_Manager.ts from cce:/internal/x/prerequisite-imports as file:///A:/code/poly/code/Polyomines/assets/script/Entity_Manager.ts.
debug: Inspect file:///A:/code/poly/code/Polyomines/assets/script/Entity_Manager.ts
debug: Resolve cc from file:///A:/code/poly/code/Polyomines/assets/script/Entity_Manager.ts as cce:/internal/x/cc.
debug: Resolve cc from file:///A:/code/poly/code/Polyomines/assets/script/Entity_Manager.ts as cce:/internal/x/cc.
debug: Resolve cc from file:///A:/code/poly/code/Polyomines/assets/script/Entity_Manager.ts as cce:/internal/x/cc.
debug: Resolve file:///A:/code/poly/code/Polyomines/assets/script/Game_Board.ts from cce:/internal/x/prerequisite-imports as file:///A:/code/poly/code/Polyomines/assets/script/Game_Board.ts.
debug: Resolve file:///A:/code/poly/code/Polyomines/assets/script/Main.ts from cce:/internal/x/prerequisite-imports as file:///A:/code/poly/code/Polyomines/assets/script/Main.ts.
debug: Resolve file:///A:/code/poly/code/Polyomines/assets/script/Swipe_Camera.ts from cce:/internal/x/prerequisite-imports as file:///A:/code/poly/code/Polyomines/assets/script/Swipe_Camera.ts.
debug: Target(preview) ends with cost 51.70759999752045ms.
debug: Dispatch build request for time accumulated 2 asset changes.
debug: Build iteration starts.
Number of accumulated asset changes: 2
Feature changed: false
debug: Target(editor) build started.
debug: Detected change: cce:/internal/x/prerequisite-imports. Last mtime: Thu Jan 01 1970 09:02:38 GMT+0800 (中国标准时间), Current mtime: Thu Jan 01 1970 09:13:23 GMT+0800 (中国标准时间)
debug: Inspect cce:/internal/x/prerequisite-imports
debug: Resolve file:///A:/code/poly/code/Polyomines/assets/script/Entity_Manager.ts from cce:/internal/x/prerequisite-imports as file:///A:/code/poly/code/Polyomines/assets/script/Entity_Manager.ts.
debug: Detected change: file:///A:/code/poly/code/Polyomines/assets/script/Entity_Manager.ts. Last mtime: Sat Jan 28 2023 01:20:55 GMT+0800 (中国标准时间)@8932867c-f2fe-44cc-b716-67c99b512e31, Current mtime: Sat Jan 28 2023 01:30:20 GMT+0800 (中国标准时间)@8932867c-f2fe-44cc-b716-67c99b512e31
debug: Inspect file:///A:/code/poly/code/Polyomines/assets/script/Entity_Manager.ts
debug: Resolve cce:/internal/code-quality/cr.mjs from file:///A:/code/poly/code/Polyomines/assets/script/Entity_Manager.ts as cce:/internal/code-quality/cr.mjs.
debug: Resolve cc from file:///A:/code/poly/code/Polyomines/assets/script/Entity_Manager.ts as cce:/internal/x/cc.
debug: Resolve cc from file:///A:/code/poly/code/Polyomines/assets/script/Entity_Manager.ts as cce:/internal/x/cc.
debug: Resolve cc from file:///A:/code/poly/code/Polyomines/assets/script/Entity_Manager.ts as cce:/internal/x/cc.
debug: Resolve ./Game_Board from file:///A:/code/poly/code/Polyomines/assets/script/Entity_Manager.ts as file:///A:/code/poly/code/Polyomines/assets/script/Game_Board.ts.
debug: Resolve file:///A:/code/poly/code/Polyomines/assets/script/Game_Board.ts from cce:/internal/x/prerequisite-imports as file:///A:/code/poly/code/Polyomines/assets/script/Game_Board.ts.
debug: Resolve file:///A:/code/poly/code/Polyomines/assets/script/Main.ts from cce:/internal/x/prerequisite-imports as file:///A:/code/poly/code/Polyomines/assets/script/Main.ts.
debug: Detected change: file:///A:/code/poly/code/Polyomines/assets/script/Main.ts. Last mtime: Sat Jan 28 2023 01:20:24 GMT+0800 (中国标准时间)@8eeb1249-7df9-40c4-8a62-80506a32e048, Current mtime: Sat Jan 28 2023 01:31:36 GMT+0800 (中国标准时间)@8eeb1249-7df9-40c4-8a62-80506a32e048
debug: Inspect file:///A:/code/poly/code/Polyomines/assets/script/Main.ts
debug: Resolve cce:/internal/code-quality/cr.mjs from file:///A:/code/poly/code/Polyomines/assets/script/Main.ts as cce:/internal/code-quality/cr.mjs.
debug: Resolve cc from file:///A:/code/poly/code/Polyomines/assets/script/Main.ts as cce:/internal/x/cc.
debug: Resolve cc from file:///A:/code/poly/code/Polyomines/assets/script/Main.ts as cce:/internal/x/cc.
debug: Resolve cc from file:///A:/code/poly/code/Polyomines/assets/script/Main.ts as cce:/internal/x/cc.
debug: Resolve ./Entity_Manager from file:///A:/code/poly/code/Polyomines/assets/script/Main.ts as file:///A:/code/poly/code/Polyomines/assets/script/Entity_Manager.ts.
debug: Resolve ./Game_Board from file:///A:/code/poly/code/Polyomines/assets/script/Main.ts as file:///A:/code/poly/code/Polyomines/assets/script/Game_Board.ts.
debug: Resolve file:///A:/code/poly/code/Polyomines/assets/script/Swipe_Camera.ts from cce:/internal/x/prerequisite-imports as file:///A:/code/poly/code/Polyomines/assets/script/Swipe_Camera.ts.
debug: Target(editor) ends with cost 119.97719991207123ms.
debug: Target(preview) build started.
debug: Detected change: cce:/internal/x/prerequisite-imports. Last mtime: Thu Jan 01 1970 09:02:38 GMT+0800 (中国标准时间), Current mtime: Thu Jan 01 1970 09:13:23 GMT+0800 (中国标准时间)
debug: Inspect cce:/internal/x/prerequisite-imports
debug: Resolve file:///A:/code/poly/code/Polyomines/assets/script/Entity_Manager.ts from cce:/internal/x/prerequisite-imports as file:///A:/code/poly/code/Polyomines/assets/script/Entity_Manager.ts.
debug: Detected change: file:///A:/code/poly/code/Polyomines/assets/script/Entity_Manager.ts. Last mtime: Sat Jan 28 2023 01:20:55 GMT+0800 (中国标准时间)@8932867c-f2fe-44cc-b716-67c99b512e31, Current mtime: Sat Jan 28 2023 01:30:20 GMT+0800 (中国标准时间)@8932867c-f2fe-44cc-b716-67c99b512e31
debug: Inspect file:///A:/code/poly/code/Polyomines/assets/script/Entity_Manager.ts
debug: Resolve cce:/internal/code-quality/cr.mjs from file:///A:/code/poly/code/Polyomines/assets/script/Entity_Manager.ts as cce:/internal/code-quality/cr.mjs.
debug: Resolve cc from file:///A:/code/poly/code/Polyomines/assets/script/Entity_Manager.ts as cce:/internal/x/cc.
debug: Resolve cc from file:///A:/code/poly/code/Polyomines/assets/script/Entity_Manager.ts as cce:/internal/x/cc.
debug: Resolve cc from file:///A:/code/poly/code/Polyomines/assets/script/Entity_Manager.ts as cce:/internal/x/cc.
debug: Resolve ./Game_Board from file:///A:/code/poly/code/Polyomines/assets/script/Entity_Manager.ts as file:///A:/code/poly/code/Polyomines/assets/script/Game_Board.ts.
debug: Resolve file:///A:/code/poly/code/Polyomines/assets/script/Game_Board.ts from cce:/internal/x/prerequisite-imports as file:///A:/code/poly/code/Polyomines/assets/script/Game_Board.ts.
debug: Resolve file:///A:/code/poly/code/Polyomines/assets/script/Main.ts from cce:/internal/x/prerequisite-imports as file:///A:/code/poly/code/Polyomines/assets/script/Main.ts.
debug: Detected change: file:///A:/code/poly/code/Polyomines/assets/script/Main.ts. Last mtime: Sat Jan 28 2023 01:20:24 GMT+0800 (中国标准时间)@8eeb1249-7df9-40c4-8a62-80506a32e048, Current mtime: Sat Jan 28 2023 01:31:36 GMT+0800 (中国标准时间)@8eeb1249-7df9-40c4-8a62-80506a32e048
debug: Inspect file:///A:/code/poly/code/Polyomines/assets/script/Main.ts
debug: Resolve cce:/internal/code-quality/cr.mjs from file:///A:/code/poly/code/Polyomines/assets/script/Main.ts as cce:/internal/code-quality/cr.mjs.
debug: Resolve cc from file:///A:/code/poly/code/Polyomines/assets/script/Main.ts as cce:/internal/x/cc.
debug: Resolve cc from file:///A:/code/poly/code/Polyomines/assets/script/Main.ts as cce:/internal/x/cc.
debug: Resolve cc from file:///A:/code/poly/code/Polyomines/assets/script/Main.ts as cce:/internal/x/cc.
debug: Resolve ./Entity_Manager from file:///A:/code/poly/code/Polyomines/assets/script/Main.ts as file:///A:/code/poly/code/Polyomines/assets/script/Entity_Manager.ts.
debug: Resolve ./Game_Board from file:///A:/code/poly/code/Polyomines/assets/script/Main.ts as file:///A:/code/poly/code/Polyomines/assets/script/Game_Board.ts.
debug: Resolve file:///A:/code/poly/code/Polyomines/assets/script/Swipe_Camera.ts from cce:/internal/x/prerequisite-imports as file:///A:/code/poly/code/Polyomines/assets/script/Swipe_Camera.ts.
debug: Target(preview) ends with cost 125.89329993724823ms.
debug: Dispatch build request for time accumulated 1 asset changes.
debug: Build iteration starts.
Number of accumulated asset changes: 1
Feature changed: false
debug: Target(editor) build started.
debug: Detected change: cce:/internal/x/prerequisite-imports. Last mtime: Thu Jan 01 1970 09:13:23 GMT+0800 (中国标准时间), Current mtime: Thu Jan 01 1970 09:19:59 GMT+0800 (中国标准时间)
debug: Inspect cce:/internal/x/prerequisite-imports
debug: Resolve file:///A:/code/poly/code/Polyomines/assets/script/Entity_Manager.ts from cce:/internal/x/prerequisite-imports as file:///A:/code/poly/code/Polyomines/assets/script/Entity_Manager.ts.
debug: Detected change: file:///A:/code/poly/code/Polyomines/assets/script/Game_Board.ts. Last mtime: Fri Jan 27 2023 21:56:40 GMT+0800 (中国标准时间)@0bbd2a77-cd12-4e6d-bfd5-da1af068ed4d, Current mtime: Sat Jan 28 2023 01:38:14 GMT+0800 (中国标准时间)@0bbd2a77-cd12-4e6d-bfd5-da1af068ed4d
debug: Inspect file:///A:/code/poly/code/Polyomines/assets/script/Game_Board.ts
debug: Resolve cc from file:///A:/code/poly/code/Polyomines/assets/script/Game_Board.ts as cce:/internal/x/cc.
debug: Resolve cc from file:///A:/code/poly/code/Polyomines/assets/script/Game_Board.ts as cce:/internal/x/cc.
debug: Resolve cc from file:///A:/code/poly/code/Polyomines/assets/script/Game_Board.ts as cce:/internal/x/cc.
debug: Resolve file:///A:/code/poly/code/Polyomines/assets/script/Game_Board.ts from cce:/internal/x/prerequisite-imports as file:///A:/code/poly/code/Polyomines/assets/script/Game_Board.ts.
debug: Resolve file:///A:/code/poly/code/Polyomines/assets/script/Main.ts from cce:/internal/x/prerequisite-imports as file:///A:/code/poly/code/Polyomines/assets/script/Main.ts.
debug: Resolve file:///A:/code/poly/code/Polyomines/assets/script/Swipe_Camera.ts from cce:/internal/x/prerequisite-imports as file:///A:/code/poly/code/Polyomines/assets/script/Swipe_Camera.ts.
debug: Target(editor) ends with cost 82.95509994029999ms.
debug: Target(preview) build started.
debug: Detected change: cce:/internal/x/prerequisite-imports. Last mtime: Thu Jan 01 1970 09:13:23 GMT+0800 (中国标准时间), Current mtime: Thu Jan 01 1970 09:19:59 GMT+0800 (中国标准时间)
debug: Inspect cce:/internal/x/prerequisite-imports
debug: Resolve file:///A:/code/poly/code/Polyomines/assets/script/Entity_Manager.ts from cce:/internal/x/prerequisite-imports as file:///A:/code/poly/code/Polyomines/assets/script/Entity_Manager.ts.
debug: Detected change: file:///A:/code/poly/code/Polyomines/assets/script/Game_Board.ts. Last mtime: Fri Jan 27 2023 21:56:40 GMT+0800 (中国标准时间)@0bbd2a77-cd12-4e6d-bfd5-da1af068ed4d, Current mtime: Sat Jan 28 2023 01:38:14 GMT+0800 (中国标准时间)@0bbd2a77-cd12-4e6d-bfd5-da1af068ed4d
debug: Inspect file:///A:/code/poly/code/Polyomines/assets/script/Game_Board.ts
debug: Resolve cc from file:///A:/code/poly/code/Polyomines/assets/script/Game_Board.ts as cce:/internal/x/cc.
debug: Resolve cc from file:///A:/code/poly/code/Polyomines/assets/script/Game_Board.ts as cce:/internal/x/cc.
debug: Resolve cc from file:///A:/code/poly/code/Polyomines/assets/script/Game_Board.ts as cce:/internal/x/cc.
debug: Resolve file:///A:/code/poly/code/Polyomines/assets/script/Game_Board.ts from cce:/internal/x/prerequisite-imports as file:///A:/code/poly/code/Polyomines/assets/script/Game_Board.ts.
debug: Resolve file:///A:/code/poly/code/Polyomines/assets/script/Main.ts from cce:/internal/x/prerequisite-imports as file:///A:/code/poly/code/Polyomines/assets/script/Main.ts.
debug: Resolve file:///A:/code/poly/code/Polyomines/assets/script/Swipe_Camera.ts from cce:/internal/x/prerequisite-imports as file:///A:/code/poly/code/Polyomines/assets/script/Swipe_Camera.ts.
debug: Target(preview) ends with cost 164.9135000705719ms.
