2023-01-27T08:28:19.061Z - log: [Package] menu@1.0.0 enable
2023-01-27T08:28:19.066Z - log: [Package] profile@1.0.0 enable
2023-01-27T08:28:19.078Z - log: [Package] project@1.0.2 enable
2023-01-27T08:28:19.085Z - log: [Package] messages@1.0.0 enable
2023-01-27T08:28:19.090Z - log: [Package] program@1.0.0 enable
2023-01-27T08:28:19.104Z - log: [Package] tester@1.0.0 enable
2023-01-27T08:28:19.112Z - log: [Package] preferences@1.0.0 enable
2023-01-27T08:28:24.193Z - log: Load engine in D:\Applications\CocosDashboard\resources\.editors\Creator\3.6.1\resources\resources\3d\engine
2023-01-27T08:28:25.007Z - log: Register native engine in D:\Applications\CocosDashboard\resources\.editors\Creator\3.6.1\resources\resources\3d\engine\native
2023-01-27T08:28:25.010Z - log: [Package] engine@1.0.6 enable
2023-01-27T08:28:26.167Z - log: [Package] programming@1.0.0 enable
2023-01-27T08:28:26.253Z - warn: 
2023-01-27T08:28:26.314Z - warn: 
2023-01-27T08:28:26.539Z - log: [Package] device@1.0.1 enable
2023-01-27T08:28:26.591Z - log: [Package] ui-kit@1.0.1 enable
2023-01-27T08:28:26.621Z - log: [Package] engine-extends@1.0.0 enable
2023-01-27T08:28:26.722Z - log: [Package] asset-db@1.0.0 enable
2023-01-27T08:28:26.722Z - warn: 
2023-01-27T08:28:26.761Z - log: [Package] scene@1.0.0 enable
2023-01-27T08:28:26.998Z - log: [Package] server@1.0.0 enable
2023-01-27T08:28:27.044Z - log: [Package] utils@1.0.0 enable
2023-01-27T08:28:27.983Z - warn: Browserslist: caniuse-lite is outdated. Please run:
npx browserslist@latest --update-db

Why you should do it regularly:
https://github.com/browserslist/browserslist#browsers-data-updating
2023-01-27T08:28:31.206Z - warn: 
2023-01-27T08:28:31.206Z - warn: 
2023-01-27T08:28:31.206Z - warn: 
2023-01-27T08:28:31.213Z - warn: 
2023-01-27T08:28:31.214Z - warn: 
2023-01-27T08:28:31.214Z - warn: 
2023-01-27T08:28:32.829Z - warn: 
2023-01-27T08:28:32.886Z - log: [Package] preview@1.0.1 enable
2023-01-27T08:28:32.917Z - log: [Package] animator@1.0.0 enable
2023-01-27T08:28:32.960Z - log: pluginManager init: 0.119ms
2023-01-27T08:28:32.905Z - warn: [Programming] Browserslist: caniuse-lite is outdated. Please run:
  npx update-browserslist-db@latest
  Why you should do it regularly: https://github.com/browserslist/update-db#readme[Programming] Browserslist: caniuse-lite is outdated. Please run:
  npx update-browserslist-db@latest
  Why you should do it regularly: https://github.com/browserslist/update-db#readme  
at Logger.record (D:\Applications\CocosDashboard\resources\.editors\Creator\3.6.1\resources\app.asar\node_modules\@base\electron-logger\lib\renderer.ccc:1:458)  
at console.warn (D:\Applications\CocosDashboard\resources\.editors\Creator\3.6.1\resources\app.asar\node_modules\@base\electron-logger\lib\renderer.ccc:1:1260)  
at Object.oldDataWarning (D:\Applications\CocosDashboard\resources\.editors\Creator\3.6.1\resources\app.asar\node_modules\@cocos\creator-programming-mod-lo\node_modules\browserslist\node.js:386:15)  
at browserslist (D:\Applications\CocosDashboard\resources\.editors\Creator\3.6.1\resources\app.asar\node_modules\@cocos\creator-programming-mod-lo\node_modules\browserslist\index.js:394:7)  
at resolveTargets (D:\Applications\CocosDashboard\resources\.editors\Creator\3.6.1\resources\app.asar\node_modules\@cocos\creator-programming-mod-lo\node_modules\@babel\helper-compilation-targets\lib\index.js:165:20)  
at getTargets (D:\Applications\CocosDashboard\resources\.editors\Creator\3.6.1\resources\app.asar\node_modules\@cocos\creator-programming-mod-lo\node_modules\@babel\helper-compilation-targets\lib\index.js:210:27)  
at getLocalTargets (D:\Applications\CocosDashboard\resources\.editors\Creator\3.6.1\resources\app.asar\node_modules\@cocos\creator-programming-mod-lo\node_modules\@babel\preset-env\lib\index.js:227:48)  
at D:\Applications\CocosDashboard\resources\.editors\Creator\3.6.1\resources\app.asar\node_modules\@cocos\creator-programming-mod-lo\node_modules\@babel\preset-env\lib\index.js:288:15
2023-01-27T08:28:33.159Z - warn: 
2023-01-27T08:28:33.159Z - warn: 
2023-01-27T08:28:33.159Z - warn: 
2023-01-27T08:28:34.182Z - log: [Package] builder@1.3.3 enable
2023-01-27T08:28:34.219Z - log: [Package] shortcuts@1.0.1 enable
2023-01-27T08:28:34.252Z - log: [Package] animation-graph@1.0.0 enable
2023-01-27T08:28:34.281Z - log: [Package] about@1.0.0 enable
2023-01-27T08:28:34.312Z - log: [Package] assets@1.0.0 enable
2023-01-27T08:28:34.342Z - log: [Package] console@1.0.0 enable
2023-01-27T08:28:34.530Z - log: [Package] extension@3.0.16 enable
2023-01-27T08:28:34.561Z - log: [Package] hierarchy@1.0.0 enable
2023-01-27T08:28:34.590Z - log: [Package] inspector@1.0.0 enable
2023-01-27T08:28:34.618Z - log: [Package] lightmap@1.0.4 enable
2023-01-27T08:28:35.059Z - log: [Package] localization-editor@1.0.0 enable
2023-01-27T08:28:35.070Z - log: [Build-plugin] register pkg localization-editor: 6.996ms
2023-01-27T08:28:35.097Z - log: [Package] node-library@1.0.1 enable
2023-01-27T08:28:35.120Z - log: [Package] package-asset@1.0.0 enable
2023-01-27T08:28:35.156Z - log: [Package] process@1.0.0 enable
2023-01-27T08:28:35.185Z - log: [Package] reference-image@1.0.0 enable
2023-01-27T08:28:35.208Z - log: [Package] alipay-mini-game@1.0.1 enable
2023-01-27T08:28:35.211Z - log: [Build-plugin] register pkg alipay-mini-game: 2.11ms
2023-01-27T08:28:35.235Z - log: [Package] android@1.0.1 enable
2023-01-27T08:28:35.251Z - log: [Build-plugin] register pkg android: 15.92ms
2023-01-27T08:28:35.275Z - log: [Package] baidu-mini-game@1.0.1 enable
2023-01-27T08:28:35.281Z - log: [Build-plugin] register pkg baidu-mini-game: 6ms
2023-01-27T08:28:35.349Z - log: [Package] bytedance-mini-game@1.0.2 enable
2023-01-27T08:28:35.354Z - log: [Build-plugin] register pkg bytedance-mini-game: 4.044ms
2023-01-27T08:28:35.376Z - log: [Package] certificate@1.0.0 enable
2023-01-27T08:28:35.399Z - log: [Package] channel-upload-tools@1.0.0 enable
2023-01-27T08:28:35.423Z - log: [Package] cocos-play@1.0.1 enable
2023-01-27T08:28:35.430Z - log: [Build-plugin] register pkg cocos-play: 6.292ms
2023-01-27T08:28:35.453Z - log: [Package] huawei-agc@1.0.0 enable
2023-01-27T08:28:35.458Z - log: [Build-plugin] register pkg huawei-agc: 4.702ms
2023-01-27T08:28:35.481Z - log: [Package] huawei-quick-game@1.0.1 enable
2023-01-27T08:28:35.486Z - log: [Build-plugin] register pkg huawei-quick-game: 4.566ms
2023-01-27T08:28:35.511Z - log: [Package] ios@1.0.0 enable
2023-01-27T08:28:35.515Z - log: [Build-plugin] register pkg ios: 4.407ms
2023-01-27T08:28:35.538Z - log: [Package] linux@1.0.0 enable
2023-01-27T08:28:35.539Z - log: [Build-plugin] register pkg linux: 0.846ms
2023-01-27T08:28:35.562Z - log: [Package] mac@1.0.0 enable
2023-01-27T08:28:35.568Z - log: [Build-plugin] register pkg mac: 5.491ms
2023-01-27T08:28:35.678Z - log: [Package] native@1.0.2 enable
2023-01-27T08:28:35.685Z - log: [Build-plugin] register pkg native: 6.97ms
2023-01-27T08:28:35.708Z - log: [Package] ohos@1.0.0 enable
2023-01-27T08:28:35.713Z - log: [Build-plugin] register pkg ohos: 5.06ms
2023-01-27T08:28:35.736Z - log: [Package] open-harmonyos@1.0.0 enable
2023-01-27T08:28:35.738Z - log: [Build-plugin] register pkg open-harmonyos: 1.309ms
2023-01-27T08:28:35.760Z - log: [Package] oppo-mini-game@1.0.1 enable
2023-01-27T08:28:35.767Z - log: [Build-plugin] register pkg oppo-mini-game: 6.183ms
2023-01-27T08:28:35.790Z - log: [Package] runtime-dev-tools@1.0.0 enable
2023-01-27T08:28:35.814Z - log: [Package] vivo-mini-game@1.0.1 enable
2023-01-27T08:28:35.819Z - log: [Build-plugin] register pkg vivo-mini-game: 4.89ms
2023-01-27T08:28:35.859Z - log: [Package] web-desktop@1.0.1 enable
2023-01-27T08:28:35.865Z - log: [Build-plugin] register pkg web-desktop: 4.979ms
2023-01-27T08:28:35.893Z - log: [Package] web-mobile@1.0.1 enable
2023-01-27T08:28:35.900Z - log: [Build-plugin] register pkg web-mobile: 5.522ms
2023-01-27T08:28:35.929Z - log: [Package] wechatgame@1.0.2 enable
2023-01-27T08:28:35.933Z - log: [Build-plugin] register pkg wechatgame: 4.486ms
2023-01-27T08:28:35.958Z - log: [Package] windows@1.0.1 enable
2023-01-27T08:28:35.962Z - log: [Build-plugin] register pkg windows: 3.858ms
2023-01-27T08:28:35.984Z - log: [Package] xiaomi-quick-game@1.0.1 enable
2023-01-27T08:28:35.989Z - log: [Build-plugin] register pkg xiaomi-quick-game: 5.003ms
2023-01-27T08:28:36.260Z - log: [Package] cocos-service@3.0.4 enable
2023-01-27T08:28:36.264Z - log: [Build-plugin] register pkg cocos-service: 1.89ms
2023-01-27T08:28:36.540Z - log: [Im-plugin] Check im-plugin version.
2023-01-27T08:28:36.545Z - log: [Package] im-plugin@3.0.9 enable
2023-01-27T08:28:37.458Z - log: [Im-plugin] No online info of im-plugin.
2023-01-27T08:28:40.542Z - log: [Scene] Please specifiy a default value for "cc.EditorExtendable.__editorExtras__" property at its declaration:

 
// Before:
@property(...)
myProp;
// After:
@property(...)
myProp = 0;
2023-01-27T08:28:40.572Z - log: [Scene] Please specifiy a default value for "CCPropertyOverrideInfo.value" property at its declaration:

 
// Before:
@property(...)
myProp;
// After:
@property(...)
myProp = 0;
2023-01-27T08:28:40.573Z - log: [Scene] Please specifiy a default value for "cc.PrefabInfo.asset" property at its declaration:

 
// Before:
@property(...)
myProp;
// After:
@property(...)
myProp = 0;
2023-01-27T08:28:40.573Z - log: [Scene] Please specifiy a default value for "cc.PrefabInfo.nestedPrefabInstanceRoots" property at its declaration:

 
// Before:
@property(...)
myProp;
// After:
@property(...)
myProp = 0;
2023-01-27T08:28:40.576Z - log: [Scene] The 'default' attribute of 'ColorDesc.beginAccesses' must be an array
2023-01-27T08:28:40.577Z - log: [Scene] The 'default' attribute of 'ColorDesc.endAccesses' must be an array
2023-01-27T08:28:40.589Z - log: [Scene] Please specifiy a default value for "cc.animation.TrackBinding.proxy" property at its declaration:

 
// Before:
@property(...)
myProp;
// After:
@property(...)
myProp = 0;
2023-01-27T08:28:40.589Z - log: [Scene] Please specifiy a default value for "cc.animation.Channel._curve" property at its declaration:

 
// Before:
@property(...)
myProp;
// After:
@property(...)
myProp = 0;
2023-01-27T08:28:40.589Z - log: [Scene] Please specifiy a default value for "cc.animation.SingleChannelTrack._channel" property at its declaration:

 
// Before:
@property(...)
myProp;
// After:
@property(...)
myProp = 0;
2023-01-27T08:28:40.590Z - log: [Scene] Please specifiy a default value for "cc.animation.VectorTrack._channels" property at its declaration:

 
// Before:
@property(...)
myProp;
// After:
@property(...)
myProp = 0;
2023-01-27T08:28:40.590Z - log: [Scene] Please specifiy a default value for "cc.animation.ColorTrack._channels" property at its declaration:

 
// Before:
@property(...)
myProp;
// After:
@property(...)
myProp = 0;
2023-01-27T08:28:40.590Z - log: [Scene] Please specifiy a default value for "cc.animation.SizeTrack._channels" property at its declaration:

 
// Before:
@property(...)
myProp;
// After:
@property(...)
myProp = 0;
2023-01-27T08:28:40.591Z - log: [Scene] Please specifiy a default value for "cc.animation.Transition.from" property at its declaration:

 
// Before:
@property(...)
myProp;
// After:
@property(...)
myProp = 0;
2023-01-27T08:28:40.591Z - log: [Scene] Please specifiy a default value for "cc.animation.Transition.to" property at its declaration:

 
// Before:
@property(...)
myProp;
// After:
@property(...)
myProp = 0;
2023-01-27T08:28:40.591Z - log: [Scene] Please specifiy a default value for "cc.animation.StateMachine._entryState" property at its declaration:

 
// Before:
@property(...)
myProp;
// After:
@property(...)
myProp = 0;
2023-01-27T08:28:40.591Z - log: [Scene] Please specifiy a default value for "cc.animation.StateMachine._exitState" property at its declaration:

 
// Before:
@property(...)
myProp;
// After:
@property(...)
myProp = 0;
2023-01-27T08:28:40.591Z - log: [Scene] Please specifiy a default value for "cc.animation.StateMachine._anyState" property at its declaration:

 
// Before:
@property(...)
myProp;
// After:
@property(...)
myProp = 0;
2023-01-27T08:28:40.591Z - log: [Scene] Please specifiy a default value for "cc.animation.Layer._stateMachine" property at its declaration:

 
// Before:
@property(...)
myProp;
// After:
@property(...)
myProp = 0;
2023-01-27T08:28:40.592Z - log: [Scene] Please specifiy a default value for "cc.animation.ExoticVectorLikeTrackValues._values" property at its declaration:

 
// Before:
@property(...)
myProp;
// After:
@property(...)
myProp = 0;
2023-01-27T08:28:40.592Z - log: [Scene] Please specifiy a default value for "cc.animation.ExoticVectorLikeTrackValues._isQuantized" property at its declaration:

 
// Before:
@property(...)
myProp;
// After:
@property(...)
myProp = 0;
2023-01-27T08:28:40.593Z - log: [Scene] Please specifiy a default value for "cc.animation.ExoticTrack.times" property at its declaration:

 
// Before:
@property(...)
myProp;
// After:
@property(...)
myProp = 0;
2023-01-27T08:28:40.593Z - log: [Scene] Please specifiy a default value for "cc.animation.ExoticTrack.values" property at its declaration:

 
// Before:
@property(...)
myProp;
// After:
@property(...)
myProp = 0;
2023-01-27T08:28:40.593Z - log: [Scene] Please specifiy a default value for "cc.animation.QuantizedFloatArray.originalPrecision" property at its declaration:

 
// Before:
@property(...)
myProp;
// After:
@property(...)
myProp = 0;
2023-01-27T08:28:40.593Z - log: [Scene] Please specifiy a default value for "cc.animation.QuantizedFloatArray.min" property at its declaration:

 
// Before:
@property(...)
myProp;
// After:
@property(...)
myProp = 0;
2023-01-27T08:28:40.593Z - log: [Scene] Please specifiy a default value for "cc.animation.QuantizedFloatArray.extent" property at its declaration:

 
// Before:
@property(...)
myProp;
// After:
@property(...)
myProp = 0;
2023-01-27T08:28:40.593Z - log: [Scene] Please specifiy a default value for "cc.animation.QuantizedFloatArray.values" property at its declaration:

 
// Before:
@property(...)
myProp;
// After:
@property(...)
myProp = 0;
2023-01-27T08:28:40.638Z - log: [Scene] 'cc.ParticleSystem2D.color' hides inherited property 'cc.UIRenderer.color'. To make the current property override that implementation, add the `override: true` attribute please.
2023-01-27T08:28:40.691Z - log: [Scene] No needs to indicate the 'cc.Boolean' attribute for "cc.Terrain._receiveShadow", which its default value is type of Boolean.
2023-01-27T08:28:40.691Z - log: [Scene] No needs to indicate the 'cc.Boolean' attribute for "cc.Terrain._useNormalmap", which its default value is type of Boolean.
2023-01-27T08:28:40.691Z - log: [Scene] No needs to indicate the 'cc.Boolean' attribute for "cc.Terrain._usePBR", which its default value is type of Boolean.
2023-01-27T08:28:40.692Z - log: [Scene] No needs to indicate the 'cc.Boolean' attribute for "cc.Terrain._lodEnable", which its default value is type of Boolean.
2023-01-27T08:28:40.788Z - info: [Scene] [Physics][Bullet]: Using asmjs Bullet libs.
2023-01-27T08:28:40.798Z - info: [Scene] [PHYSICS]: using builtin.
2023-01-27T08:28:40.952Z - log: [Scene] Cocos Creator v3.6.1
2023-01-27T08:28:40.952Z - info: [Scene] Forward render pipeline initialized.
2023-01-27T08:28:41.091Z - info: [Scene] [PHYSICS]: switch from builtin to bullet.
2023-01-27T08:28:58.931Z - warn: Metrics: no valid info
